  dual_svm.cpp
  Interface.cpp
D:\ASPDC-master\ASPDC\Interface.cpp(37,23): warning C4244: “=”: 从“double”转换到“int”，可能丢失数据
  main.cpp
  utils.cpp
D:\ASPDC-master\ASPDC\utils.cpp(89,54): warning C4267: “参数”: 从“size_t”转换到“_Ty”，可能丢失数据
          with
          [
              _Ty=int
          ]
D:\ASPDC-master\ASPDC\utils.cpp(96,54): warning C4267: “参数”: 从“size_t”转换到“_Ty”，可能丢失数据
          with
          [
              _Ty=int
          ]
D:\ASPDC-master\ASPDC\utils.cpp(100,37): warning C4267: “初始化”: 从“size_t”转换到“int”，可能丢失数据
D:\ASPDC-master\ASPDC\utils.cpp(114,48): warning C4267: “参数”: 从“size_t”转换到“_Ty”，可能丢失数据
          with
          [
              _Ty=int
          ]
D:\ASPDC-master\ASPDC\utils.cpp(152,50): warning C4267: “参数”: 从“size_t”转换到“_Ty”，可能丢失数据
          with
          [
              _Ty=int
          ]
D:\ASPDC-master\ASPDC\utils.cpp(157,50): warning C4267: “参数”: 从“size_t”转换到“_Ty”，可能丢失数据
          with
          [
              _Ty=int
          ]
D:\ASPDC-master\ASPDC\utils.cpp(161,37): warning C4267: “初始化”: 从“size_t”转换到“int”，可能丢失数据
D:\ASPDC-master\ASPDC\utils.cpp(175,48): warning C4267: “参数”: 从“size_t”转换到“_Ty”，可能丢失数据
          with
          [
              _Ty=int
          ]
D:\ASPDC-master\ASPDC\utils.cpp(195,49): warning C4267: “参数”: 从“size_t”转换到“_Ty”，可能丢失数据
          with
          [
              _Ty=int
          ]
D:\ASPDC-master\ASPDC\utils.cpp(204,48): warning C4267: “参数”: 从“size_t”转换到“_Ty”，可能丢失数据
          with
          [
              _Ty=int
          ]
  正在生成代码...
  ASPDC.vcxproj -> D:\ASPDC-master\x64\Debug\ASPDC.exe
